0 info it worked if it ends with ok
1 verbose cli [ '/usr/local/bin/node',
1 verbose cli   '/usr/local/bin/npm',
1 verbose cli   'version',
1 verbose cli   'major',
1 verbose cli   '-m',
1 verbose cli   'Swap async library to smaller' ]
2 info using npm@2.14.4
3 info using node@v4.1.1
4 info git [ 'status', '--porcelain' ]
5 verbose stack Error: Git working directory not clean.
5 verbose stack M @zensor-0.0.1.xpi
5 verbose stack M data/nonono.js
5 verbose stack M index.js
5 verbose stack D node_modules/async/CHANGELOG.md
5 verbose stack D node_modules/async/LICENSE
5 verbose stack D node_modules/async/README.md
5 verbose stack D node_modules/async/dist/async.js
5 verbose stack D node_modules/async/dist/async.min.js
5 verbose stack D node_modules/async/lib/async.js
5 verbose stack D node_modules/async/package.json
5 verbose stack M package.json
5 verbose stack     at /usr/local/lib/node_modules/npm/lib/version.js:171:21
5 verbose stack     at ChildProcess.exithandler (child_process.js:194:7)
5 verbose stack     at emitTwo (events.js:87:13)
5 verbose stack     at ChildProcess.emit (events.js:172:7)
5 verbose stack     at maybeClose (internal/child_process.js:817:16)
5 verbose stack     at Socket.<anonymous> (internal/child_process.js:319:11)
5 verbose stack     at emitOne (events.js:77:13)
5 verbose stack     at Socket.emit (events.js:169:7)
5 verbose stack     at Pipe._onclose (net.js:469:12)
6 verbose cwd /home/wai/workspace/js/Zensor
7 error Linux 3.16.0-59-generic
8 error argv "/usr/local/bin/node" "/usr/local/bin/npm" "version" "major" "-m" "Swap async library to smaller"
9 error node v4.1.1
10 error npm  v2.14.4
11 error Git working directory not clean.
11 error M @zensor-0.0.1.xpi
11 error M data/nonono.js
11 error M index.js
11 error D node_modules/async/CHANGELOG.md
11 error D node_modules/async/LICENSE
11 error D node_modules/async/README.md
11 error D node_modules/async/dist/async.js
11 error D node_modules/async/dist/async.min.js
11 error D node_modules/async/lib/async.js
11 error D node_modules/async/package.json
11 error M package.json
12 error If you need help, you may report this error at:
12 error     <https://github.com/npm/npm/issues>
13 verbose exit [ 1, true ]
